<?xml version="1.0" encoding="UTF-8"?>
<testsuite xmlns:xsi="http://www.w3.org/2001/XMLSchema-instance" xsi:noNamespaceSchemaLocation="https://maven.apache.org/surefire/maven-surefire-plugin/xsd/surefire-test-report-3.0.xsd" version="3.0" name="TestSuite" time="31.291" tests="3" errors="0" skipped="0" failures="0">
  <properties>
[...]
</properties>
  <testcase name="runScenario[&quot;Login Page title&quot;, &quot;Login Page feature&quot;](1)" classname="runners.TestRunner" time="11.624">
    <system-out><![CDATA[
Scenario: Login Page title             # src/test/resources/features/login.feature:3
Browser is: chrome
  Given user is on login page          # stepdefinitions.LoginPageSteps.user_is_on_login_page()
login page title is DEMOQA
  When user gets the title of the page # stepdefinitions.LoginPageSteps.user_gets_the_title_of_the_page()
  Then page title should be "DEMOQA"   # stepdefinitions.LoginPageSteps.page_title_should_be(java.lang.String)
]]></system-out>
    <system-err><![CDATA[SLF4J: Failed to load class "org.slf4j.impl.StaticLoggerBinder".
SLF4J: Defaulting to no-operation (NOP) logger implementation
SLF4J: See http://www.slf4j.org/codes.html#StaticLoggerBinder for further details.
Jan 01, 2026 2:09:28 AM org.openqa.selenium.devtools.CdpVersionFinder findNearestMatch
WARNING: Unable to find CDP implementation matching 143
Jan 01, 2026 2:09:28 AM org.openqa.selenium.chromium.ChromiumDriver lambda$new$5
WARNING: Unable to find version of CDP to use for 143.0.7499.170. You may need to include a dependency on a specific version of the CDP using something similar to `org.seleniumhq.selenium:selenium-devtools-v86:4.25.0` where the version ("v86") matches the version of the chromium-based browser you're using and the version number of the artifact is the same as Selenium's.
]]></system-err>
  </testcase>
  <testcase name="runScenario[&quot;New User button&quot;, &quot;Login Page feature&quot;](2)" classname="runners.TestRunner" time="9.291">
    <system-out><![CDATA[
Scenario: New User button                  # src/test/resources/features/login.feature:8
Browser is: chrome
  Given user is on login page              # stepdefinitions.LoginPageSteps.user_is_on_login_page()
  Then New User button should be displayed # stepdefinitions.LoginPageSteps.forgot_password_link_should_be_displayed()
]]></system-out>
    <system-err><![CDATA[Jan 01, 2026 2:09:38 AM org.openqa.selenium.devtools.CdpVersionFinder findNearestMatch
WARNING: Unable to find CDP implementation matching 143
Jan 01, 2026 2:09:38 AM org.openqa.selenium.chromium.ChromiumDriver lambda$new$5
WARNING: Unable to find version of CDP to use for 143.0.7499.170. You may need to include a dependency on a specific version of the CDP using something similar to `org.seleniumhq.selenium:selenium-devtools-v86:4.25.0` where the version ("v86") matches the version of the chromium-based browser you're using and the version number of the artifact is the same as Selenium's.
]]></system-err>
  </testcase>
  <testcase name="runScenario[&quot;Login with correct credentials&quot;, &quot;Login Page feature&quot;](3)" classname="runners.TestRunner" time="8.657">
    <system-out><![CDATA[
Scenario: Login with correct credentials # src/test/resources/features/login.feature:12
Browser is: chrome
  Given user is on login page            # stepdefinitions.LoginPageSteps.user_is_on_login_page()
  When user enters username "saisonu"    # stepdefinitions.LoginPageSteps.user_enters_username(java.lang.String)
  And user enters password "Sonu@2000"   # stepdefinitions.LoginPageSteps.user_enters_password(java.lang.String)
  And user clicks on login               # stepdefinitions.LoginPageSteps.user_clicks_on_login()
login page title is DEMOQA
  When user gets the title of the page   # stepdefinitions.LoginPageSteps.user_gets_the_title_of_the_page()
  Then page title should be "DEMOQA"     # stepdefinitions.LoginPageSteps.page_title_should_be(java.lang.String)
]]></system-out>
    <system-err><![CDATA[Jan 01, 2026 2:09:47 AM org.openqa.selenium.devtools.CdpVersionFinder findNearestMatch
WARNING: Unable to find CDP implementation matching 143
Jan 01, 2026 2:09:47 AM org.openqa.selenium.chromium.ChromiumDriver lambda$new$5
WARNING: Unable to find version of CDP to use for 143.0.7499.170. You may need to include a dependency on a specific version of the CDP using something similar to `org.seleniumhq.selenium:selenium-devtools-v86:4.25.0` where the version ("v86") matches the version of the chromium-based browser you're using and the version number of the artifact is the same as Selenium's.
]]></system-err>
  </testcase>
</testsuite>