<?xml version="1.0" encoding="UTF-8"?>
<!-- Generated by org.testng.reporters.JUnitReportReporter -->
<testsuite hostname="DESKTOP-JRD6AB0" failures="0" tests="3" name="runners.TestRunner" time="29.555" errors="0" timestamp="2026-01-01T02:09:55 IST" skipped="0">
  <testcase classname="runners.TestRunner" name="runScenario" time="8.659"/>
  <testcase classname="runners.TestRunner" name="runScenario" time="9.324"/>
  <testcase classname="runners.TestRunner" name="runScenario" time="11.572"/>
</testsuite> <!-- runners.TestRunner -->
